
> vite_react_shadcn_ts@0.0.0 build
> node generate_blog_sitemap.js && npx vite-ssg build

Fetching insights from Supabase...
Found 42 published insights
 Generated public/sitemap-blog.xml
 Updated public/sitemap.xml

[90m[vite-ssg][39m [33mBuild for client...[39m
[36mvite v7.0.6 [32mbuilding for production...[36m[39m
transforming...
node.exe : Browserslist: browsers data (caniuse-lite) is 9 months old. Please run:
At C:\Program Files\nodejs\npm.ps1:29 char:3
+   & $NODE_EXE $NPM_CLI_JS $args
+   ~~~~~~~~~~~~~~~~~~~~~~~~~~~~~
    + CategoryInfo          : NotSpecified: (Browserslist: b...ld. Please run::String) [], RemoteException
    + FullyQualifiedErrorId : NativeCommandError
 
  npx update-browserslist-db@latest
  Why you should do it regularly: https://github.com/browserslist/update-db#readme
[33mnode_modules/react-helmet-async/lib/index.module.js (1:7186): A comment

"/*#__PURE__*/"

in "node_modules/react-helmet-async/lib/index.module.js" contains an annotation that Rollup cannot 
interpret due to the position of the comment. The comment will be removed to avoid issues.[39m
[33mnode_modules/react-helmet-async/lib/index.module.js (1:13561): A comment

"/*#__PURE__*/"

in "node_modules/react-helmet-async/lib/index.module.js" contains an annotation that Rollup cannot 
interpret due to the position of the comment. The comment will be removed to avoid issues.[39m

[1m[33mwarn[39m[22m - The class `ease-[cubic-bezier(0.34,1.56,0.64,1)]` is ambiguous and matches 
multiple utilities.
[1m[33mwarn[39m[22m - If this is content and not a class, replace it with 
`ease-&lsqb;cubic-bezier(0.34,1.56,0.64,1)&rsqb;` to silence this warning.
[32m[39m 2468 modules transformed.
rendering chunks...
computing gzip size...
[2mdist/[22m[32mindex.html                              [39m[1m[2m 19.87 kB[22m[1m[22m[2m  gzip:   4.37 kB[22m
[2mdist/[22m[32m.vite/ssr-manifest.json                 [39m[1m[2m 54.88 kB[22m[1m[22m[2m  gzip:   6.58 kB[22m
[2mdist/[22m[35massets/app-neRBVVbS.css                 [39m[1m[2m115.52 kB[22m[1m[22m[2m  gzip:  18.36 kB[22m
[2mdist/[22m[36massets/textarea-DJhcfDPk.js             [39m[1m[2m  0.48 kB[22m[1m[22m[2m  gzip:   0.32 kB[22m
[2mdist/[22m[36massets/NotFound-D8FRgKfb.js             [39m[1m[2m  0.55 kB[22m[1m[22m[2m  gzip:   0.33 kB[22m
[2mdist/[22m[36massets/client-DWDCCEjL.js               [39m[1m[2m  0.57 kB[22m[1m[22m[2m  gzip:   0.38 kB[22m
[2mdist/[22m[36massets/input-D6xa2sB4.js                [39m[1m[2m  0.57 kB[22m[1m[22m[2m  gzip:   0.35 kB[22m
[2mdist/[22m[36massets/use-portfolio-works-C0JPj8Px.js  [39m[1m[2m  0.64 kB[22m[1m[22m[2m  gzip:   0.34 kB[22m
[2mdist/[22m[36massets/People-BCUqOR4-.js               [39m[1m[2m  2.39 kB[22m[1m[22m[2m  gzip:   0.92 kB[22m
[2mdist/[22m[36massets/AdminLogin-Bd8BVFfj.js           [39m[1m[2m  2.57 kB[22m[1m[22m[2m  gzip:   1.22 kB[22m
[2mdist/[22m[36massets/PortfolioGallery-CQzMJAQ3.js     [39m[1m[2m  3.20 kB[22m[1m[22m[2m  gzip:   1.18 kB[22m
[2mdist/[22m[36massets/JoinUs-vlLmI-73.js               [39m[1m[2m  6.47 kB[22m[1m[22m[2m  gzip:   1.95 kB[22m
[2mdist/[22m[36massets/AboutUs-qqlPhIsw.js              [39m[1m[2m  6.95 kB[22m[1m[22m[2m  gzip:   2.27 kB[22m
[2mdist/[22m[36massets/Comparison-Cs93dCcs.js           [39m[1m[2m  7.09 kB[22m[1m[22m[2m  gzip:   2.37 kB[22m
[2mdist/[22m[36massets/AdminDashboard-C1fjeDQ3.js       [39m[1m[2m 12.39 kB[22m[1m[22m[2m  gzip:   3.75 kB[22m
[2mdist/[22m[36massets/ContactPage-Dt576irv.js          [39m[1m[2m 14.82 kB[22m[1m[22m[2m  gzip:   5.05 kB[22m
[2mdist/[22m[36massets/WhatWeDo--G_shjPf.js             [39m[1m[2m 22.35 kB[22m[1m[22m[2m  gzip:   6.03 kB[22m
[2mdist/[22m[36massets/OurWork-YrDIz7xv.js              [39m[1m[2m 27.29 kB[22m[1m[22m[2m  gzip:  10.21 kB[22m
[2mdist/[22m[36massets/LocationPage-BL6CskvD.js         [39m[1m[2m 69.64 kB[22m[1m[22m[2m  gzip:  17.22 kB[22m
[2mdist/[22m[36massets/app-CYDlLAne.js                  [39m[1m[2m910.04 kB[22m[1m[22m[2m  gzip: 269.70 kB[22m
[32m built in 8.80s[39m

[90m[vite-ssg][39m [33mBuild for server...[39m
[36mvite v7.0.6 [32mbuilding SSR bundle for production...[36m[39m
transforming...
[33m"toast" is imported from external module "sonner" but never used in 
"src/components/ui/sonner.tsx".[39m
[32m[39m 64 modules transformed.
rendering chunks...
[2m.vite-ssg-temp/9hv2x9x2fu/[22m[35massets/style-neRBVVbS.css               [39m[1m[2m115.52 kB[22m[1m[22m
[2m.vite-ssg-temp/9hv2x9x2fu/[22m[36massets/textarea-6Ttc-Vmm.js             [39m[1m[2m  0.69 kB[22m[1m[22m
[2m.vite-ssg-temp/9hv2x9x2fu/[22m[36massets/input-6XZgwDxx.js                [39m[1m[2m  0.81 kB[22m[1m[22m
[2m.vite-ssg-temp/9hv2x9x2fu/[22m[36massets/NotFound-B8NgJ_7D.js             [39m[1m[2m  0.90 kB[22m[1m[22m
[2m.vite-ssg-temp/9hv2x9x2fu/[22m[36massets/use-portfolio-works-DMD5TthV.js  [39m[1m[2m  1.20 kB[22m[1m[22m
[2m.vite-ssg-temp/9hv2x9x2fu/[22m[36massets/People-DOuH2V-k.js               [39m[1m[2m  4.09 kB[22m[1m[22m
[2m.vite-ssg-temp/9hv2x9x2fu/[22m[36massets/AdminLogin-C14nYeKv.js           [39m[1m[2m  4.36 kB[22m[1m[22m
[2m.vite-ssg-temp/9hv2x9x2fu/[22m[36massets/PortfolioGallery-XZiqso7e.js     [39m[1m[2m  5.71 kB[22m[1m[22m
[2m.vite-ssg-temp/9hv2x9x2fu/[22m[36massets/AboutUs-BmF6T0kq.js              [39m[1m[2m 10.20 kB[22m[1m[22m
[2m.vite-ssg-temp/9hv2x9x2fu/[22m[36massets/OurWork-DzMGIWFm.js              [39m[1m[2m 10.91 kB[22m[1m[22m
[2m.vite-ssg-temp/9hv2x9x2fu/[22m[36massets/JoinUs-CbrfCmdW.js               [39m[1m[2m 11.62 kB[22m[1m[22m
[2m.vite-ssg-temp/9hv2x9x2fu/[22m[36massets/Comparison-BlWqKSDR.js           [39m[1m[2m 12.00 kB[22m[1m[22m
[2m.vite-ssg-temp/9hv2x9x2fu/[22m[36massets/ContactPage-GjvrijaC.js          [39m[1m[2m 16.58 kB[22m[1m[22m
[2m.vite-ssg-temp/9hv2x9x2fu/[22m[36massets/AdminDashboard-ChWWpnFS.js       [39m[1m[2m 20.74 kB[22m[1m[22m
[2m.vite-ssg-temp/9hv2x9x2fu/[22m[36massets/WhatWeDo-D3Is0DLL.js             [39m[1m[2m 22.76 kB[22m[1m[22m
[2m.vite-ssg-temp/9hv2x9x2fu/[22m[36massets/LocationPage-D_EsTChV.js         [39m[1m[2m 88.15 kB[22m[1m[22m
[2m.vite-ssg-temp/9hv2x9x2fu/[22m[36mmain.mjs                                [39m[1m[2m138.09 kB[22m[1m[22m
[32m built in 517ms[39m

[90m[vite-ssg][39m [33mRendering Pages...[39m[34m (228)[39m
node:internal/modules/package_json_reader:256
  throw new ERR_MODULE_NOT_FOUND(packageName, fileURLToPath(base), null);
        ^

Error [ERR_MODULE_NOT_FOUND]: Cannot find package 'vue' imported from C:\Users\admin\AppData\Local\npm-cach
e\_npx\f7f24b6825a9b756\node_modules\vite-ssg\dist\shared\vite-ssg.D5Fdxh1E.mjs
    at Object.getPackageJSONURL (node:internal/modules/package_json_reader:256:9)
    at packageResolve (node:internal/modules/esm/resolve:768:81)
    at moduleResolve (node:internal/modules/esm/resolve:854:18)
    at defaultResolve (node:internal/modules/esm/resolve:984:11)
    at ModuleLoader.defaultResolve (node:internal/modules/esm/loader:780:12)
    at #cachedDefaultResolve (node:internal/modules/esm/loader:704:25)
    at ModuleLoader.resolve (node:internal/modules/esm/loader:687:38)
    at ModuleLoader.getModuleJobForImport (node:internal/modules/esm/loader:305:38)
    at onImport.tracePromise.__proto__ (node:internal/modules/esm/loader:643:36)
    at TracingChannel.tracePromise (node:diagnostics_channel:344:14) {
  code: 'ERR_MODULE_NOT_FOUND'
}

Node.js v22.16.0
