
> vite_react_shadcn_ts@0.0.0 build
> node generate_blog_sitemap.js && npx vite-react-ssg build

Fetching insights from Supabase...
Found 42 published insights
 Generated public/sitemap-blog.xml
 Updated public/sitemap.xml

[vite-react-ssg] Build for client...
[36mvite v5.4.19 [32mbuilding for production...[36m[39m
transforming...
node.exe : Browserslist: browsers data (caniuse-lite) is 9 months old. Please run:
At C:\Program Files\nodejs\npm.ps1:29 char:3
+   & $NODE_EXE $NPM_CLI_JS $args
+   ~~~~~~~~~~~~~~~~~~~~~~~~~~~~~
    + CategoryInfo          : NotSpecified: (Browserslist: b...ld. Please run::String) [], RemoteException
    + FullyQualifiedErrorId : NativeCommandError
 
  npx update-browserslist-db@latest
  Why you should do it regularly: https://github.com/browserslist/update-db#readme

[1m[33mwarn[39m[22m - The class `ease-[cubic-bezier(0.34,1.56,0.64,1)]` is ambiguous and matches 
multiple utilities.
[1m[33mwarn[39m[22m - If this is content and not a class, replace it with 
`ease-&lsqb;cubic-bezier(0.34,1.56,0.64,1)&rsqb;` to silence this warning.
[32m[39m 2467 modules transformed.
rendering chunks...
computing gzip size...
[2mdist/[22m[32m.vite/manifest.json                     [39m[1m[2m  4.20 kB[22m[1m[22m[2m  gzip:   0.73 kB[22m
[2mdist/[22m[32mindex.html                              [39m[1m[2m 19.84 kB[22m[1m[22m[2m  gzip:   4.37 kB[22m
[2mdist/[22m[32m.vite/ssr-manifest.json                 [39m[1m[2m 53.62 kB[22m[1m[22m[2m  gzip:   6.52 kB[22m
[2mdist/[22m[35massets/app-DMtkV5Mr.css                 [39m[1m[2m115.65 kB[22m[1m[22m[2m  gzip:  18.39 kB[22m
[2mdist/[22m[36massets/textarea-D6T3Ki_L.js             [39m[1m[2m  0.48 kB[22m[1m[22m[2m  gzip:   0.31 kB[22m
[2mdist/[22m[36massets/NotFound-BRi-7EPs.js             [39m[1m[2m  0.55 kB[22m[1m[22m[2m  gzip:   0.33 kB[22m
[2mdist/[22m[36massets/client-BJiOBtHE.js               [39m[1m[2m  0.56 kB[22m[1m[22m[2m  gzip:   0.37 kB[22m
[2mdist/[22m[36massets/input-Z-7t9DM7.js                [39m[1m[2m  0.57 kB[22m[1m[22m[2m  gzip:   0.35 kB[22m
[2mdist/[22m[36massets/use-portfolio-works-dNGmWkYp.js  [39m[1m[2m  0.64 kB[22m[1m[22m[2m  gzip:   0.34 kB[22m
[2mdist/[22m[36massets/People-OaZfRQiA.js               [39m[1m[2m  2.39 kB[22m[1m[22m[2m  gzip:   0.92 kB[22m
[2mdist/[22m[36massets/AdminLogin-BfznFPLq.js           [39m[1m[2m  2.57 kB[22m[1m[22m[2m  gzip:   1.22 kB[22m
[2mdist/[22m[36massets/PortfolioGallery-DQkTZ8Gn.js     [39m[1m[2m  3.20 kB[22m[1m[22m[2m  gzip:   1.18 kB[22m
[2mdist/[22m[36massets/JoinUs--VroLwIU.js               [39m[1m[2m  6.47 kB[22m[1m[22m[2m  gzip:   1.95 kB[22m
[2mdist/[22m[36massets/AboutUs-BJw_wzUH.js              [39m[1m[2m  6.95 kB[22m[1m[22m[2m  gzip:   2.27 kB[22m
[2mdist/[22m[36massets/Comparison-BriKYxQu.js           [39m[1m[2m  7.07 kB[22m[1m[22m[2m  gzip:   2.37 kB[22m
[2mdist/[22m[36massets/AdminDashboard-DXH_HCcr.js       [39m[1m[2m 12.41 kB[22m[1m[22m[2m  gzip:   3.77 kB[22m
[2mdist/[22m[36massets/ContactPage-BbbrRqJH.js          [39m[1m[2m 14.84 kB[22m[1m[22m[2m  gzip:   5.07 kB[22m
[2mdist/[22m[36massets/WhatWeDo-bHn9Y-wK.js             [39m[1m[2m 22.53 kB[22m[1m[22m[2m  gzip:   6.11 kB[22m
[2mdist/[22m[36massets/OurWork-Btx1qGLX.js              [39m[1m[2m 27.45 kB[22m[1m[22m[2m  gzip:  10.24 kB[22m
[2mdist/[22m[36massets/LocationPage-CflANaXx.js         [39m[1m[2m 69.61 kB[22m[1m[22m[2m  gzip:  17.23 kB[22m
[2mdist/[22m[36massets/app-w-3yr88b.js                  [39m[1m[2m919.50 kB[22m[1m[22m[2m  gzip: 271.74 kB[22m
[32m built in 8.94s[39m

[vite-react-ssg] Build for server...
[36mvite v5.4.19 [32mbuilding SSR bundle for production...[36m[39m
transforming...
"toast" is imported from external module "sonner" but never used in "src/components/ui/sonner.tsx".
[32m[39m 64 modules transformed.
rendering chunks...
[2m.vite-react-ssg-temp/ivdhf9u4q2/[22m[32m.vite/manifest.json                     [39m[1m[2m  3.99 kB[22m[1m[22m
[2m.vite-react-ssg-temp/ivdhf9u4q2/[22m[35massets/style-Xf1NJBsG.css               [39m[1m[2m143.53 kB[22m[1m[22m
[2m.vite-react-ssg-temp/ivdhf9u4q2/[22m[36massets/textarea-6Ttc-Vmm.js             [39m[1m[2m  0.69 kB[22m[1m[22m
[2m.vite-react-ssg-temp/ivdhf9u4q2/[22m[36massets/input-6XZgwDxx.js                [39m[1m[2m  0.81 kB[22m[1m[22m
[2m.vite-react-ssg-temp/ivdhf9u4q2/[22m[36massets/NotFound-B8NgJ_7D.js             [39m[1m[2m  0.90 kB[22m[1m[22m
[2m.vite-react-ssg-temp/ivdhf9u4q2/[22m[36massets/use-portfolio-works-DMD5TthV.js  [39m[1m[2m  1.20 kB[22m[1m[22m
[2m.vite-react-ssg-temp/ivdhf9u4q2/[22m[36massets/People-DOuH2V-k.js               [39m[1m[2m  4.09 kB[22m[1m[22m
[2m.vite-react-ssg-temp/ivdhf9u4q2/[22m[36massets/AdminLogin-C14nYeKv.js           [39m[1m[2m  4.36 kB[22m[1m[22m
[2m.vite-react-ssg-temp/ivdhf9u4q2/[22m[36massets/PortfolioGallery-XZiqso7e.js     [39m[1m[2m  5.71 kB[22m[1m[22m
[2m.vite-react-ssg-temp/ivdhf9u4q2/[22m[36massets/AboutUs-BmF6T0kq.js              [39m[1m[2m 10.20 kB[22m[1m[22m
[2m.vite-react-ssg-temp/ivdhf9u4q2/[22m[36massets/OurWork-DERvcohZ.js              [39m[1m[2m 11.21 kB[22m[1m[22m
[2m.vite-react-ssg-temp/ivdhf9u4q2/[22m[36massets/JoinUs-CbrfCmdW.js               [39m[1m[2m 11.62 kB[22m[1m[22m
[2m.vite-react-ssg-temp/ivdhf9u4q2/[22m[36massets/Comparison-BlWqKSDR.js           [39m[1m[2m 11.98 kB[22m[1m[22m
[2m.vite-react-ssg-temp/ivdhf9u4q2/[22m[36massets/ContactPage-GjvrijaC.js          [39m[1m[2m 16.57 kB[22m[1m[22m
[2m.vite-react-ssg-temp/ivdhf9u4q2/[22m[36massets/AdminDashboard-B7JtK_16.js       [39m[1m[2m 20.77 kB[22m[1m[22m
[2m.vite-react-ssg-temp/ivdhf9u4q2/[22m[36massets/WhatWeDo-D3Is0DLL.js             [39m[1m[2m 22.76 kB[22m[1m[22m
[2m.vite-react-ssg-temp/ivdhf9u4q2/[22m[36massets/LocationPage-BfvdhmGR.js         [39m[1m[2m 88.12 kB[22m[1m[22m
[2m.vite-react-ssg-temp/ivdhf9u4q2/[22m[36mmain.mjs                                [39m[1m[2m138.13 kB[22m[1m[22m
[32m built in 396ms[39m

[vite-react-ssg] An internal error occurred.
[vite-react-ssg] Please report an issue, if none already exists: 
https://github.com/daydreamer-riri/vite-react-ssg/issues
file:///D:/Projects%20with%20IDE/crisp-contrast-site-main/node_modules/vite-react-ssg/dist/shared/vite-reac
t-ssg.DUkzxBEb.mjs:818
  const { routes } = await createRoot(false);
                           ^

TypeError: createRoot is not a function
    at build (file:///D:/Projects%20with%20IDE/crisp-contrast-site-main/node_modules/vite-react-ssg/dist/sh
ared/vite-react-ssg.DUkzxBEb.mjs:818:28)
    at async Object.handler (file:///D:/Projects%20with%20IDE/crisp-contrast-site-main/node_modules/vite-re
act-ssg/dist/node/cli.mjs:40:5)

Node.js v22.16.0
