
> vite_react_shadcn_ts@0.0.0 build
> node generate_blog_sitemap.js && npx vite-react-ssg build

Fetching insights from Supabase...
Found 42 published insights
 Generated public/sitemap-blog.xml
 Updated public/sitemap.xml

[vite-react-ssg] Build for client...
[36mvite v5.4.19 [32mbuilding for production...[36m[39m
transforming...
node.exe : Browserslist: browsers data (caniuse-lite) is 9 months old. Please run:
At C:\Program Files\nodejs\npm.ps1:29 char:3
+   & $NODE_EXE $NPM_CLI_JS $args
+   ~~~~~~~~~~~~~~~~~~~~~~~~~~~~~
    + CategoryInfo          : NotSpecified: (Browserslist: b...ld. Please run::String) [], RemoteException
    + FullyQualifiedErrorId : NativeCommandError
 
  npx update-browserslist-db@latest
  Why you should do it regularly: https://github.com/browserslist/update-db#readme

[1m[33mwarn[39m[22m - The class `ease-[cubic-bezier(0.34,1.56,0.64,1)]` is ambiguous and matches 
multiple utilities.
[1m[33mwarn[39m[22m - If this is content and not a class, replace it with 
`ease-&lsqb;cubic-bezier(0.34,1.56,0.64,1)&rsqb;` to silence this warning.
[32m[39m 2467 modules transformed.
rendering chunks...
computing gzip size...
[2mdist/[22m[32m.vite/manifest.json                     [39m[1m[2m  4.20 kB[22m[1m[22m[2m  gzip:   0.73 kB[22m
[2mdist/[22m[32mindex.html                              [39m[1m[2m 19.84 kB[22m[1m[22m[2m  gzip:   4.37 kB[22m
[2mdist/[22m[32m.vite/ssr-manifest.json                 [39m[1m[2m 53.62 kB[22m[1m[22m[2m  gzip:   6.52 kB[22m
[2mdist/[22m[35massets/app-DMtkV5Mr.css                 [39m[1m[2m115.65 kB[22m[1m[22m[2m  gzip:  18.39 kB[22m
[2mdist/[22m[36massets/textarea-D6T3Ki_L.js             [39m[1m[2m  0.48 kB[22m[1m[22m[2m  gzip:   0.31 kB[22m
[2mdist/[22m[36massets/NotFound-BRi-7EPs.js             [39m[1m[2m  0.55 kB[22m[1m[22m[2m  gzip:   0.33 kB[22m
[2mdist/[22m[36massets/client-BJiOBtHE.js               [39m[1m[2m  0.56 kB[22m[1m[22m[2m  gzip:   0.37 kB[22m
[2mdist/[22m[36massets/input-Z-7t9DM7.js                [39m[1m[2m  0.57 kB[22m[1m[22m[2m  gzip:   0.35 kB[22m
[2mdist/[22m[36massets/use-portfolio-works-dNGmWkYp.js  [39m[1m[2m  0.64 kB[22m[1m[22m[2m  gzip:   0.34 kB[22m
[2mdist/[22m[36massets/People-OaZfRQiA.js               [39m[1m[2m  2.39 kB[22m[1m[22m[2m  gzip:   0.92 kB[22m
[2mdist/[22m[36massets/AdminLogin-BfznFPLq.js           [39m[1m[2m  2.57 kB[22m[1m[22m[2m  gzip:   1.22 kB[22m
[2mdist/[22m[36massets/PortfolioGallery-DQkTZ8Gn.js     [39m[1m[2m  3.20 kB[22m[1m[22m[2m  gzip:   1.18 kB[22m
[2mdist/[22m[36massets/JoinUs--VroLwIU.js               [39m[1m[2m  6.47 kB[22m[1m[22m[2m  gzip:   1.95 kB[22m
[2mdist/[22m[36massets/AboutUs-BJw_wzUH.js              [39m[1m[2m  6.95 kB[22m[1m[22m[2m  gzip:   2.27 kB[22m
[2mdist/[22m[36massets/Comparison-BriKYxQu.js           [39m[1m[2m  7.07 kB[22m[1m[22m[2m  gzip:   2.37 kB[22m
[2mdist/[22m[36massets/AdminDashboard-DXH_HCcr.js       [39m[1m[2m 12.41 kB[22m[1m[22m[2m  gzip:   3.77 kB[22m
[2mdist/[22m[36massets/ContactPage-BbbrRqJH.js          [39m[1m[2m 14.84 kB[22m[1m[22m[2m  gzip:   5.07 kB[22m
[2mdist/[22m[36massets/WhatWeDo-bHn9Y-wK.js             [39m[1m[2m 22.53 kB[22m[1m[22m[2m  gzip:   6.11 kB[22m
[2mdist/[22m[36massets/OurWork-Btx1qGLX.js              [39m[1m[2m 27.45 kB[22m[1m[22m[2m  gzip:  10.24 kB[22m
[2mdist/[22m[36massets/LocationPage-CflANaXx.js         [39m[1m[2m 69.61 kB[22m[1m[22m[2m  gzip:  17.23 kB[22m
[2mdist/[22m[36massets/app-w-3yr88b.js                  [39m[1m[2m919.50 kB[22m[1m[22m[2m  gzip: 271.74 kB[22m
[32m built in 9.74s[39m

[vite-react-ssg] Build for server...
[36mvite v5.4.19 [32mbuilding SSR bundle for production...[36m[39m
transforming...
"toast" is imported from external module "sonner" but never used in "src/components/ui/sonner.tsx".
[32m[39m 64 modules transformed.
rendering chunks...
[2m.vite-react-ssg-temp/963vb1pq4x/[22m[32m.vite/manifest.json                     [39m[1m[2m  3.99 kB[22m[1m[22m
[2m.vite-react-ssg-temp/963vb1pq4x/[22m[35massets/style-Xf1NJBsG.css               [39m[1m[2m143.53 kB[22m[1m[22m
[2m.vite-react-ssg-temp/963vb1pq4x/[22m[36massets/textarea-6Ttc-Vmm.js             [39m[1m[2m  0.69 kB[22m[1m[22m
[2m.vite-react-ssg-temp/963vb1pq4x/[22m[36massets/input-6XZgwDxx.js                [39m[1m[2m  0.81 kB[22m[1m[22m
[2m.vite-react-ssg-temp/963vb1pq4x/[22m[36massets/NotFound-B8NgJ_7D.js             [39m[1m[2m  0.90 kB[22m[1m[22m
[2m.vite-react-ssg-temp/963vb1pq4x/[22m[36massets/use-portfolio-works-DMD5TthV.js  [39m[1m[2m  1.20 kB[22m[1m[22m
[2m.vite-react-ssg-temp/963vb1pq4x/[22m[36massets/People-DOuH2V-k.js               [39m[1m[2m  4.09 kB[22m[1m[22m
[2m.vite-react-ssg-temp/963vb1pq4x/[22m[36massets/AdminLogin-C14nYeKv.js           [39m[1m[2m  4.36 kB[22m[1m[22m
[2m.vite-react-ssg-temp/963vb1pq4x/[22m[36massets/PortfolioGallery-XZiqso7e.js     [39m[1m[2m  5.71 kB[22m[1m[22m
[2m.vite-react-ssg-temp/963vb1pq4x/[22m[36massets/AboutUs-BmF6T0kq.js              [39m[1m[2m 10.20 kB[22m[1m[22m
[2m.vite-react-ssg-temp/963vb1pq4x/[22m[36massets/OurWork-DERvcohZ.js              [39m[1m[2m 11.21 kB[22m[1m[22m
[2m.vite-react-ssg-temp/963vb1pq4x/[22m[36massets/JoinUs-CbrfCmdW.js               [39m[1m[2m 11.62 kB[22m[1m[22m
[2m.vite-react-ssg-temp/963vb1pq4x/[22m[36massets/Comparison-BlWqKSDR.js           [39m[1m[2m 11.98 kB[22m[1m[22m
[2m.vite-react-ssg-temp/963vb1pq4x/[22m[36massets/ContactPage-GjvrijaC.js          [39m[1m[2m 16.57 kB[22m[1m[22m
[2m.vite-react-ssg-temp/963vb1pq4x/[22m[36massets/AdminDashboard-B7JtK_16.js       [39m[1m[2m 20.77 kB[22m[1m[22m
[2m.vite-react-ssg-temp/963vb1pq4x/[22m[36massets/WhatWeDo-D3Is0DLL.js             [39m[1m[2m 22.76 kB[22m[1m[22m
[2m.vite-react-ssg-temp/963vb1pq4x/[22m[36massets/LocationPage-BfvdhmGR.js         [39m[1m[2m 88.12 kB[22m[1m[22m
[2m.vite-react-ssg-temp/963vb1pq4x/[22m[36mmain.mjs                                [39m[1m[2m138.13 kB[22m[1m[22m
[32m built in 451ms[39m

[vite-react-ssg] Rendering Pages... (228)
dist/pricing-comparison.html  19.76 KiB
dist/portfolio-gallery.html  19.76 KiB
dist/about-us.html    19.75 KiB
dist/our-work.html    19.75 KiB
dist/what-we-do.html  19.76 KiB
dist/guwahati.html    19.75 KiB
dist/people.html      19.75 KiB
dist/contact.html     19.75 KiB
dist/join-us.html     19.75 KiB
dist/northeast-india.html  19.76 KiB
dist/agartala.html    19.75 KiB
dist/udaipur-tripura.html  19.76 KiB
dist/dharmanagar.html  19.76 KiB
dist/kailashahar.html  19.76 KiB
dist/tripura.html     19.75 KiB
dist/ambassa.html     19.75 KiB
dist/belonia.html     19.75 KiB
dist/sabroom.html     19.75 KiB
dist/khowai.html      19.75 KiB
dist/kumarghat.html   19.75 KiB
dist/index.html       148.11 KiB
dist/sonamura.html    19.75 KiB
dist/teliamura.html   19.75 KiB
dist/kamalpur.html    19.75 KiB
dist/bishalgarh.html  19.76 KiB
dist/assam.html       19.75 KiB
dist/dibrugarh.html   19.75 KiB
dist/silchar.html     19.75 KiB
dist/tezpur.html      19.75 KiB
dist/nagaon.html      19.75 KiB
dist/jorhat.html      19.75 KiB
dist/bongaigaon.html  19.76 KiB
dist/tinsukia.html    19.75 KiB
dist/halflong.html    19.75 KiB
dist/meghalaya.html   19.75 KiB
dist/shillong.html    19.75 KiB
dist/tura.html        19.75 KiB
dist/manipur.html     19.75 KiB
dist/cherrapunji.html  19.76 KiB
dist/imphal.html      19.75 KiB
dist/kohima.html      19.75 KiB
dist/aizawl.html      19.75 KiB
dist/mizoram.html     19.75 KiB
dist/dimapur.html     19.75 KiB
dist/nagaland.html    19.75 KiB
dist/andhra-pradesh.html  19.76 KiB
dist/arunachal-pradesh.html  19.76 KiB
dist/itanagar.html    19.75 KiB
dist/bihar.html       19.75 KiB
dist/gangtok.html     19.75 KiB
dist/sikkim.html      19.75 KiB
dist/gujarat.html     19.75 KiB
dist/india.html       19.75 KiB
dist/chhattisgarh.html  19.76 KiB
dist/goa.html         19.75 KiB
dist/haryana.html     19.75 KiB
dist/jharkhand.html   19.75 KiB
dist/himachal-pradesh.html  19.76 KiB
dist/karnataka.html   19.75 KiB
dist/odisha.html      19.75 KiB
dist/kerala.html      19.75 KiB
dist/rajasthan.html   19.75 KiB
dist/madhya-pradesh.html  19.76 KiB
dist/maharashtra.html  19.76 KiB
dist/telangana.html   19.75 KiB
dist/uttar-pradesh.html  19.76 KiB
dist/punjab.html      19.75 KiB
dist/west-bengal.html  19.76 KiB
dist/tamil-nadu.html  19.76 KiB
dist/andaman-and-nicobar.html  19.76 KiB
dist/chandigarh-ut.html  19.76 KiB
dist/uttarakhand.html  19.76 KiB
dist/lakshadweep.html  19.76 KiB
dist/dadra-and-nagar-haveli-and-daman-and-diu.html  19.79 KiB
dist/delhi-ncr.html   19.75 KiB
dist/jammu-and-kashmir.html  19.76 KiB
dist/puducherry.html  19.76 KiB
dist/ladakh.html      19.75 KiB
dist/mumbai.html      19.75 KiB
dist/delhi.html       19.75 KiB
dist/new-delhi.html   19.75 KiB
dist/bangalore.html   19.75 KiB
dist/bengaluru.html   19.75 KiB
dist/hyderabad.html   19.75 KiB
dist/ahmedabad.html   19.75 KiB
dist/chennai.html     19.75 KiB
dist/surat.html       19.75 KiB
dist/pune.html        19.75 KiB
dist/jaipur.html      19.75 KiB
dist/kanpur.html      19.75 KiB
dist/lucknow.html     19.75 KiB
dist/nagpur.html      19.75 KiB
dist/kolkata.html     19.75 KiB
dist/indore.html      19.75 KiB
dist/thane.html       19.75 KiB
dist/visakhapatnam.html  19.76 KiB
dist/bhopal.html      19.75 KiB
dist/pimpri-chinchwad.html  19.76 KiB
dist/ghaziabad.html   19.75 KiB
dist/vadodara.html    19.75 KiB
dist/patna.html       19.75 KiB
dist/agra.html        19.75 KiB
dist/ludhiana.html    19.75 KiB
dist/meerut.html      19.75 KiB
dist/nashik.html      19.75 KiB
dist/faridabad.html   19.75 KiB
dist/vasai-virar.html  19.76 KiB
dist/kalyan-dombivli.html  19.76 KiB
dist/varanasi.html    19.75 KiB
dist/rajkot.html      19.75 KiB
dist/aurangabad.html  19.76 KiB
dist/srinagar.html    19.75 KiB
dist/dhanbad.html     19.75 KiB
dist/amritsar.html    19.75 KiB
dist/allahabad.html   19.75 KiB
dist/navi-mumbai.html  19.76 KiB
dist/howrah.html      19.75 KiB
dist/ranchi.html      19.75 KiB
dist/gwalior.html     19.75 KiB
dist/jabalpur.html    19.75 KiB
dist/coimbatore.html  19.76 KiB
dist/raipur.html      19.75 KiB
dist/jodhpur.html     19.75 KiB
dist/madurai.html     19.75 KiB
dist/vijayawada.html  19.76 KiB
dist/chandigarh.html  19.76 KiB
dist/hubli-dharwad.html  19.76 KiB
dist/kota.html        19.75 KiB
dist/bareilly.html    19.75 KiB
dist/mysore.html      19.75 KiB
dist/moradabad.html   19.75 KiB
dist/gurgaon.html     19.75 KiB
dist/gurugram.html    19.75 KiB
dist/aligarh.html     19.75 KiB
dist/jalandhar.html   19.75 KiB
dist/tiruchirappalli.html  19.76 KiB
dist/bhubaneswar.html  19.76 KiB
dist/salem.html       19.75 KiB
dist/mira-bhayandar.html  19.76 KiB
dist/bhiwandi.html    19.75 KiB
dist/thiruvananthapuram.html  19.76 KiB
dist/saharanpur.html  19.76 KiB
dist/guntur.html      19.75 KiB
dist/gorakhpur.html   19.75 KiB
dist/bikaner.html     19.75 KiB
dist/noida.html       19.75 KiB
dist/amravati.html    19.75 KiB
dist/jamshedpur.html  19.76 KiB
dist/bhilai.html      19.75 KiB
dist/cuttack.html     19.75 KiB
dist/firozabad.html   19.75 KiB
dist/kochi.html       19.75 KiB
dist/nellore.html     19.75 KiB
dist/dehradun.html    19.75 KiB
dist/bhavnagar.html   19.75 KiB
dist/durgapur.html    19.75 KiB
dist/asansol.html     19.75 KiB
dist/rourkela.html    19.75 KiB
dist/ajmer.html       19.75 KiB
dist/nanded.html      19.75 KiB
dist/kolhapur.html    19.75 KiB
dist/akluj.html       19.75 KiB
dist/gulbarga.html    19.75 KiB
dist/ujjain.html      19.75 KiB
dist/loni.html        19.75 KiB
dist/jamnagar.html    19.75 KiB
dist/siliguri.html    19.75 KiB
dist/jhansi.html      19.75 KiB
dist/ulhasnagar.html  19.76 KiB
dist/jammu.html       19.75 KiB
dist/sangli-miraj-kupwad.html  19.76 KiB
dist/mangalore.html   19.75 KiB
dist/erode.html       19.75 KiB
dist/belgaum.html     19.75 KiB
dist/kurnool.html     19.75 KiB
dist/rajahmundry.html  19.76 KiB
dist/tirunelveli.html  19.76 KiB
dist/davanagere.html  19.76 KiB
dist/kozhikode.html   19.75 KiB
dist/gaya.html        19.75 KiB
dist/tiruppur.html    19.75 KiB
dist/malegaon.html    19.75 KiB
dist/bokaro.html      19.75 KiB
dist/south-dumdum.html  19.76 KiB
dist/akola.html       19.75 KiB
dist/gopalpur.html    19.75 KiB
dist/bellary.html     19.75 KiB
dist/patiala.html     19.75 KiB
dist/muzaffarnagar.html  19.76 KiB
dist/bhagalpur.html   19.75 KiB
dist/bhatpara.html    19.75 KiB
dist/panihati.html    19.75 KiB
dist/latur.html       19.75 KiB
dist/dhule.html       19.75 KiB
dist/tirupati.html    19.75 KiB
dist/rohtak.html      19.75 KiB
dist/berhampur.html   19.75 KiB
dist/bhilwara.html    19.75 KiB
dist/muzaffarpur.html  19.76 KiB
dist/mathura.html     19.75 KiB
dist/korba.html       19.75 KiB
dist/avadi.html       19.75 KiB
dist/kollam.html      19.75 KiB
dist/ahmednagar.html  19.76 KiB
dist/kadapa.html      19.75 KiB
dist/kamarhati.html   19.75 KiB
dist/sambalpur.html   19.75 KiB
dist/shahjahanpur.html  19.76 KiB
dist/bilaspur.html    19.75 KiB
dist/satara.html      19.75 KiB
dist/bijapur.html     19.75 KiB
dist/darjeeling.html  19.76 KiB
dist/kakinada.html    19.75 KiB
dist/puri.html        19.75 KiB
dist/services/affordable-video-editing.html  19.78 KiB
dist/services/cheap-digital-marketing.html  19.78 KiB
dist/services/best-web-design-agency.html  19.78 KiB
dist/services/startup-branding-packages.html  19.78 KiB
dist/services/top-creative-agency-india.html  19.78 KiB
dist/whycreative.html  19.76 KiB
dist/why-creatives.html  19.76 KiB
dist/why-creative.html  19.76 KiB
dist/ycreatives.html  19.76 KiB
dist/y-creatives.html  19.76 KiB
dist/the-why-creatives.html  19.76 KiB
dist/wai-creatives.html  19.76 KiB
dist/we-creatives.html  19.76 KiB
dist/why-creative-agency.html  19.76 KiB

[vite-react-ssg] Generating static loader data... (1)
dist/static-loader-data-manifest-963vb1pq4x.json  0.05 KiB

[vite-react-ssg] Build finished.

> vite_react_shadcn_ts@0.0.0 postbuild
> react-snap

'react-snap' is not recognized as an internal or external command,
operable program or batch file.
