
> vite_react_shadcn_ts@0.0.0 build
> node generate_blog_sitemap.js && npx vite-ssg build

Fetching insights from Supabase...
Found 42 published insights
 Generated public/sitemap-blog.xml
 Updated public/sitemap.xml

[90m[vite-ssg][39m [33mBuild for client...[39m
[36mvite v7.0.6 [32mbuilding for production...[36m[39m
transforming...
node.exe : 
Browserslist: 
browsers data 
(caniuse-lite) is 9 
months old. Please 
run:
At C:\Program Files\no
dejs\npm.ps1:29 char:3
+   & $NODE_EXE 
$NPM_CLI_JS $args
+   ~~~~~~~~~~~~~~~~~~
~~~~~~~~~~~
    + CategoryInfo    
          : NotSpeci  
  fied: (Browsersli   
 st: b...ld. Pleas    
e run::String) []    
, RemoteException
    + FullyQualifiedE 
   rrorId : NativeCo  
  mmandError
 
  npx update-browsersl
ist-db@latest
  Why you should do 
it regularly: https://
github.com/browserslis
t/update-db#readme
[33mnode_modules/reac
t-helmet-async/lib/ind
ex.module.js 
(1:7186): A comment

"/*#__PURE__*/"

in "node_modules/react
-helmet-async/lib/inde
x.module.js" contains 
an annotation that 
Rollup cannot 
interpret due to the 
position of the 
comment. The comment 
will be removed to 
avoid issues.[39m
[33mnode_modules/reac
t-helmet-async/lib/ind
ex.module.js 
(1:13561): A comment

"/*#__PURE__*/"

in "node_modules/react
-helmet-async/lib/inde
x.module.js" contains 
an annotation that 
Rollup cannot 
interpret due to the 
position of the 
comment. The comment 
will be removed to 
avoid issues.[39m

[1m[33mwarn[39m[22
m - The class `ease-[c
ubic-bezier(0.34,1.56,
0.64,1)]` is 
ambiguous and matches 
multiple utilities.
[1m[33mwarn[39m[22
m - If this is 
content and not a 
class, replace it 
with `ease-&lsqb;cubic
-bezier(0.34,1.56,0.64
,1)&rsqb;` to silence 
this warning.
[32m[39m 2468 modules transformed.
rendering chunks...
computing gzip size...
[2mdist/[22m[32mindex.html                              [39m[1m[2m 19.87 kB[22m[1m[22m[2m  gzip:   4.37 kB[22m
[2mdist/[22m[32m.vite/ssr-manifest.json                 [39m[1m[2m 54.88 kB[22m[1m[22m[2m  gzip:   6.59 kB[22m
[2mdist/[22m[35massets/app-neRBVVbS.css                 [39m[1m[2m115.52 kB[22m[1m[22m[2m  gzip:  18.36 kB[22m
[2mdist/[22m[36massets/textarea-Dt1FjI8H.js             [39m[1m[2m  0.48 kB[22m[1m[22m[2m  gzip:   0.32 kB[22m
[2mdist/[22m[36massets/NotFound-BU7KBOjc.js             [39m[1m[2m  0.55 kB[22m[1m[22m[2m  gzip:   0.33 kB[22m
[2mdist/[22m[36massets/client-Dl5K4rHa.js               [39m[1m[2m  0.57 kB[22m[1m[22m[2m  gzip:   0.38 kB[22m
[2mdist/[22m[36massets/input-BubltM6J.js                [39m[1m[2m  0.57 kB[22m[1m[22m[2m  gzip:   0.35 kB[22m
[2mdist/[22m[36massets/use-portfolio-works-BeV39UQO.js  [39m[1m[2m  0.64 kB[22m[1m[22m[2m  gzip:   0.34 kB[22m
[2mdist/[22m[36massets/People-DJEBiTA0.js               [39m[1m[2m  2.39 kB[22m[1m[22m[2m  gzip:   0.92 kB[22m
[2mdist/[22m[36massets/AdminLogin-DPRmbx0Q.js           [39m[1m[2m  2.57 kB[22m[1m[22m[2m  gzip:   1.22 kB[22m
[2mdist/[22m[36massets/PortfolioGallery-DRYeyQK2.js     [39m[1m[2m  3.20 kB[22m[1m[22m[2m  gzip:   1.18 kB[22m
[2mdist/[22m[36massets/JoinUs-Si6Hiwfg.js               [39m[1m[2m  6.47 kB[22m[1m[22m[2m  gzip:   1.95 kB[22m
[2mdist/[22m[36massets/AboutUs-Bv4-OEi7.js              [39m[1m[2m  6.95 kB[22m[1m[22m[2m  gzip:   2.27 kB[22m
[2mdist/[22m[36massets/Comparison-BX-AtCu_.js           [39m[1m[2m  7.09 kB[22m[1m[22m[2m  gzip:   2.37 kB[22m
[2mdist/[22m[36massets/AdminDashboard-DEUqQTO-.js       [39m[1m[2m 12.39 kB[22m[1m[22m[2m  gzip:   3.75 kB[22m
[2mdist/[22m[36massets/ContactPage-DiqkKjI3.js          [39m[1m[2m 14.82 kB[22m[1m[22m[2m  gzip:   5.05 kB[22m
[2mdist/[22m[36massets/WhatWeDo-BdZb5qJZ.js             [39m[1m[2m 22.35 kB[22m[1m[22m[2m  gzip:   6.03 kB[22m
[2mdist/[22m[36massets/OurWork-uQ6vaODM.js              [39m[1m[2m 27.29 kB[22m[1m[22m[2m  gzip:  10.21 kB[22m
[2mdist/[22m[36massets/LocationPage-6WE9xZSl.js         [39m[1m[2m 69.64 kB[22m[1m[22m[2m  gzip:  17.22 kB[22m
[2mdist/[22m[36massets/app-CFbtDYh5.js                  [39m[1m[2m909.96 kB[22m[1m[22m[2m  gzip: 269.70 kB[22m
[32m built in 7.06s[39m

[90m[vite-ssg][39m [33mBuild for server...[39m
[36mvite v7.0.6 [32mbuilding SSR bundle for production...[36m[39m
transforming...
[33m"toast" is 
imported from 
external module 
"sonner" but never 
used in "src/component
s/ui/sonner.tsx".[39m
[32m[39m 64 modules transformed.
rendering chunks...
[2m.vite-ssg-temp/gecg19xi5p/[22m[35massets/style-neRBVVbS.css               [39m[1m[2m115.52 kB[22m[1m[22m
[2m.vite-ssg-temp/gecg19xi5p/[22m[36massets/textarea-6Ttc-Vmm.js             [39m[1m[2m  0.69 kB[22m[1m[22m
[2m.vite-ssg-temp/gecg19xi5p/[22m[36massets/input-6XZgwDxx.js                [39m[1m[2m  0.81 kB[22m[1m[22m
[2m.vite-ssg-temp/gecg19xi5p/[22m[36massets/NotFound-B8NgJ_7D.js             [39m[1m[2m  0.90 kB[22m[1m[22m
[2m.vite-ssg-temp/gecg19xi5p/[22m[36massets/use-portfolio-works-DMD5TthV.js  [39m[1m[2m  1.20 kB[22m[1m[22m
[2m.vite-ssg-temp/gecg19xi5p/[22m[36massets/People-DOuH2V-k.js               [39m[1m[2m  4.09 kB[22m[1m[22m
[2m.vite-ssg-temp/gecg19xi5p/[22m[36massets/AdminLogin-C14nYeKv.js           [39m[1m[2m  4.36 kB[22m[1m[22m
[2m.vite-ssg-temp/gecg19xi5p/[22m[36massets/PortfolioGallery-XZiqso7e.js     [39m[1m[2m  5.71 kB[22m[1m[22m
[2m.vite-ssg-temp/gecg19xi5p/[22m[36massets/AboutUs-BmF6T0kq.js              [39m[1m[2m 10.20 kB[22m[1m[22m
[2m.vite-ssg-temp/gecg19xi5p/[22m[36massets/OurWork-DzMGIWFm.js              [39m[1m[2m 10.91 kB[22m[1m[22m
[2m.vite-ssg-temp/gecg19xi5p/[22m[36massets/JoinUs-CbrfCmdW.js               [39m[1m[2m 11.62 kB[22m[1m[22m
[2m.vite-ssg-temp/gecg19xi5p/[22m[36massets/Comparison-BlWqKSDR.js           [39m[1m[2m 12.00 kB[22m[1m[22m
[2m.vite-ssg-temp/gecg19xi5p/[22m[36massets/ContactPage-GjvrijaC.js          [39m[1m[2m 16.58 kB[22m[1m[22m
[2m.vite-ssg-temp/gecg19xi5p/[22m[36massets/AdminDashboard-ChWWpnFS.js       [39m[1m[2m 20.74 kB[22m[1m[22m
[2m.vite-ssg-temp/gecg19xi5p/[22m[36massets/WhatWeDo-D3Is0DLL.js             [39m[1m[2m 22.76 kB[22m[1m[22m
[2m.vite-ssg-temp/gecg19xi5p/[22m[36massets/LocationPage-D_EsTChV.js         [39m[1m[2m 88.15 kB[22m[1m[22m
[2m.vite-ssg-temp/gecg19xi5p/[22m[36mmain.mjs                                [39m[1m[2m138.15 kB[22m[1m[22m
[32m built in 406ms[39m
file:///D:/Projects%20
with%20IDE/crisp-contr
ast-site-main/.vite-ss
g-temp/gecg19xi5p/main
.mjs:2234
      storage: 
localStorage,
               ^

ReferenceError: 
localStorage is not 
defined
    at file:///D:/Proj
ects%20with%20IDE/cris
p-contrast-site-main/.
vite-ssg-temp/gecg19xi
5p/main.mjs:2234:16
    at ModuleJob.run (
node:internal/modules/
esm/module_job:274:25)
    at async onImport.
tracePromise.__proto__
 (node:internal/module
s/esm/loader:644:26)
    at async build (fi
le:///C:/Users/admin/A
ppData/Local/npm-cache
/_npx/f7f24b6825a9b756
/node_modules/vite-ssg
/dist/shared/vite-ssg.
D5Fdxh1E.mjs:1423:7)
    at async 
CAC.<anonymous> (file:
///C:/Users/admin/AppD
ata/Local/npm-cache/_n
px/f7f24b6825a9b756/no
de_modules/vite-ssg/di
st/node/cli.mjs:22:3)

Node.js v22.16.0
